[0.069s] [34mcolcon[0m [1;30mDEBUG[0m [32mCommand line arguments: ['/usr/bin/colcon', 'build'][0m
[0.069s] [34mcolcon[0m [1;30mDEBUG[0m [32mParsed command line arguments: Namespace(log_base=None, log_level=None, verb_name='build', build_base='build', install_base='install', merge_install=False, symlink_install=False, test_result_base=None, continue_on_error=False, executor='parallel', parallel_workers=16, event_handlers=None, ignore_user_meta=False, metas=['./colcon.meta'], base_paths=['.'], packages_ignore=None, packages_ignore_regex=None, paths=None, packages_up_to=None, packages_up_to_regex=None, packages_above=None, packages_above_and_dependencies=None, packages_above_depth=None, packages_select_by_dep=None, packages_skip_by_dep=None, packages_skip_up_to=None, packages_select_build_failed=False, packages_skip_build_finished=False, packages_select_test_failures=False, packages_skip_test_passed=False, packages_select=None, packages_skip=None, packages_select_regex=None, packages_skip_regex=None, packages_start=None, packages_end=None, allow_overriding=[], cmake_args=None, cmake_target=None, cmake_target_skip_unavailable=False, cmake_clean_cache=False, cmake_clean_first=False, cmake_force_configure=False, ament_cmake_args=None, catkin_cmake_args=None, catkin_skip_building_tests=False, mixin_files=None, mixin=None, verb_parser=<colcon_mixin.mixin.mixin_argument.MixinArgumentDecorator object at 0x75f1608eda80>, verb_extension=<colcon_core.verb.build.BuildVerb object at 0x75f1609defe0>, main=<bound method BuildVerb.main of <colcon_core.verb.build.BuildVerb object at 0x75f1609defe0>>, mixin_verb=('build',))[0m
[0.093s] [34mcolcon.colcon_core.package_discovery[0m [1;30mLevel 1[0m discover_packages(colcon_meta) check parameters
[0.093s] [34mcolcon.colcon_core.package_discovery[0m [1;30mLevel 1[0m discover_packages(recursive) check parameters
[0.093s] [34mcolcon.colcon_core.package_discovery[0m [1;30mLevel 1[0m discover_packages(ignore) check parameters
[0.093s] [34mcolcon.colcon_core.package_discovery[0m [1;30mLevel 1[0m discover_packages(path) check parameters
[0.093s] [34mcolcon.colcon_core.package_discovery[0m [1;30mLevel 1[0m discover_packages(colcon_meta) discover
[0.093s] [34mcolcon.colcon_core.package_discovery[0m [1;30mLevel 1[0m discover_packages(recursive) discover
[0.093s] [34mcolcon.colcon_core.package_discovery[0m [1;30mINFO[0m Crawling recursively for packages in '/home/mj/_Projects/ros2_ws'
[0.093s] [34mcolcon.colcon_core.package_identification[0m [1;30mLevel 1[0m _identify(.) by extensions ['ignore', 'ignore_ament_install']
[0.093s] [34mcolcon.colcon_core.package_identification[0m [1;30mLevel 1[0m _identify(.) by extension 'ignore'
[0.093s] [34mcolcon.colcon_core.package_identification[0m [1;30mLevel 1[0m _identify(.) by extension 'ignore_ament_install'
[0.093s] [34mcolcon.colcon_core.package_identification[0m [1;30mLevel 1[0m _identify(.) by extensions ['colcon_pkg']
[0.093s] [34mcolcon.colcon_core.package_identification[0m [1;30mLevel 1[0m _identify(.) by extension 'colcon_pkg'
[0.093s] [34mcolcon.colcon_core.package_identification[0m [1;30mLevel 1[0m _identify(.) by extensions ['colcon_meta']
[0.093s] [34mcolcon.colcon_core.package_identification[0m [1;30mLevel 1[0m _identify(.) by extension 'colcon_meta'
[0.093s] [34mcolcon.colcon_core.package_identification[0m [1;30mLevel 1[0m _identify(.) by extensions ['ros']
[0.093s] [34mcolcon.colcon_core.package_identification[0m [1;30mLevel 1[0m _identify(.) by extension 'ros'
[0.101s] [34mcolcon.colcon_core.package_identification[0m [1;30mLevel 1[0m _identify(.) by extensions ['cmake', 'python']
[0.101s] [34mcolcon.colcon_core.package_identification[0m [1;30mLevel 1[0m _identify(.) by extension 'cmake'
[0.101s] [34mcolcon.colcon_core.package_identification[0m [1;30mLevel 1[0m _identify(.) by extension 'python'
[0.102s] [34mcolcon.colcon_core.package_identification[0m [1;30mLevel 1[0m _identify(.) by extensions ['python_setup_py']
[0.102s] [34mcolcon.colcon_core.package_identification[0m [1;30mLevel 1[0m _identify(.) by extension 'python_setup_py'
[0.102s] [34mcolcon.colcon_core.package_identification[0m [1;30mLevel 1[0m _identify(build) by extensions ['ignore', 'ignore_ament_install']
[0.102s] [34mcolcon.colcon_core.package_identification[0m [1;30mLevel 1[0m _identify(build) by extension 'ignore'
[0.102s] [34mcolcon.colcon_core.package_identification[0m [1;30mLevel 1[0m _identify(build) ignored
[0.102s] [34mcolcon.colcon_core.package_identification[0m [1;30mLevel 1[0m _identify(install) by extensions ['ignore', 'ignore_ament_install']
[0.102s] [34mcolcon.colcon_core.package_identification[0m [1;30mLevel 1[0m _identify(install) by extension 'ignore'
[0.102s] [34mcolcon.colcon_core.package_identification[0m [1;30mLevel 1[0m _identify(install) ignored
[0.102s] [34mcolcon.colcon_core.package_identification[0m [1;30mLevel 1[0m _identify(log) by extensions ['ignore', 'ignore_ament_install']
[0.102s] [34mcolcon.colcon_core.package_identification[0m [1;30mLevel 1[0m _identify(log) by extension 'ignore'
[0.102s] [34mcolcon.colcon_core.package_identification[0m [1;30mLevel 1[0m _identify(log) ignored
[0.102s] [34mcolcon.colcon_core.package_identification[0m [1;30mLevel 1[0m _identify(src) by extensions ['ignore', 'ignore_ament_install']
[0.102s] [34mcolcon.colcon_core.package_identification[0m [1;30mLevel 1[0m _identify(src) by extension 'ignore'
[0.102s] [34mcolcon.colcon_core.package_identification[0m [1;30mLevel 1[0m _identify(src) by extension 'ignore_ament_install'
[0.102s] [34mcolcon.colcon_core.package_identification[0m [1;30mLevel 1[0m _identify(src) by extensions ['colcon_pkg']
[0.102s] [34mcolcon.colcon_core.package_identification[0m [1;30mLevel 1[0m _identify(src) by extension 'colcon_pkg'
[0.102s] [34mcolcon.colcon_core.package_identification[0m [1;30mLevel 1[0m _identify(src) by extensions ['colcon_meta']
[0.102s] [34mcolcon.colcon_core.package_identification[0m [1;30mLevel 1[0m _identify(src) by extension 'colcon_meta'
[0.102s] [34mcolcon.colcon_core.package_identification[0m [1;30mLevel 1[0m _identify(src) by extensions ['ros']
[0.102s] [34mcolcon.colcon_core.package_identification[0m [1;30mLevel 1[0m _identify(src) by extension 'ros'
[0.102s] [34mcolcon.colcon_core.package_identification[0m [1;30mLevel 1[0m _identify(src) by extensions ['cmake', 'python']
[0.102s] [34mcolcon.colcon_core.package_identification[0m [1;30mLevel 1[0m _identify(src) by extension 'cmake'
[0.102s] [34mcolcon.colcon_core.package_identification[0m [1;30mLevel 1[0m _identify(src) by extension 'python'
[0.102s] [34mcolcon.colcon_core.package_identification[0m [1;30mLevel 1[0m _identify(src) by extensions ['python_setup_py']
[0.102s] [34mcolcon.colcon_core.package_identification[0m [1;30mLevel 1[0m _identify(src) by extension 'python_setup_py'
[0.102s] [34mcolcon.colcon_core.package_identification[0m [1;30mLevel 1[0m _identify(src/my_example_pkg) by extensions ['ignore', 'ignore_ament_install']
[0.102s] [34mcolcon.colcon_core.package_identification[0m [1;30mLevel 1[0m _identify(src/my_example_pkg) by extension 'ignore'
[0.102s] [34mcolcon.colcon_core.package_identification[0m [1;30mLevel 1[0m _identify(src/my_example_pkg) by extension 'ignore_ament_install'
[0.102s] [34mcolcon.colcon_core.package_identification[0m [1;30mLevel 1[0m _identify(src/my_example_pkg) by extensions ['colcon_pkg']
[0.102s] [34mcolcon.colcon_core.package_identification[0m [1;30mLevel 1[0m _identify(src/my_example_pkg) by extension 'colcon_pkg'
[0.102s] [34mcolcon.colcon_core.package_identification[0m [1;30mLevel 1[0m _identify(src/my_example_pkg) by extensions ['colcon_meta']
[0.102s] [34mcolcon.colcon_core.package_identification[0m [1;30mLevel 1[0m _identify(src/my_example_pkg) by extension 'colcon_meta'
[0.102s] [34mcolcon.colcon_core.package_identification[0m [1;30mLevel 1[0m _identify(src/my_example_pkg) by extensions ['ros']
[0.102s] [34mcolcon.colcon_core.package_identification[0m [1;30mLevel 1[0m _identify(src/my_example_pkg) by extension 'ros'
[0.104s] [34mcolcon.colcon_core.package_identification[0m [1;30mDEBUG[0m [32mPackage 'src/my_example_pkg' with type 'ros.ament_cmake' and name 'my_example_pkg'[0m
[0.104s] [34mcolcon.colcon_core.package_discovery[0m [1;30mLevel 1[0m discover_packages(recursive) using defaults
[0.104s] [34mcolcon.colcon_core.package_discovery[0m [1;30mLevel 1[0m discover_packages(ignore) discover
[0.104s] [34mcolcon.colcon_core.package_discovery[0m [1;30mLevel 1[0m discover_packages(ignore) using defaults
[0.104s] [34mcolcon.colcon_core.package_discovery[0m [1;30mLevel 1[0m discover_packages(path) discover
[0.104s] [34mcolcon.colcon_core.package_discovery[0m [1;30mLevel 1[0m discover_packages(path) using defaults
[0.113s] [34mcolcon.colcon_core.package_discovery[0m [1;30mLevel 1[0m discover_packages(prefix_path) check parameters
[0.113s] [34mcolcon.colcon_core.package_discovery[0m [1;30mLevel 1[0m discover_packages(prefix_path) discover
[0.114s] [34mcolcon.colcon_installed_package_information.package_discovery[0m [1;30mDEBUG[0m [32mFound 1 installed packages in /home/mj/first_ws/install[0m
[0.114s] [34mcolcon.colcon_installed_package_information.package_discovery[0m [1;30mDEBUG[0m [32mFound 2 installed packages in /home/mj/test_ws/install[0m
[0.115s] [34mcolcon.colcon_installed_package_information.package_discovery[0m [1;30mDEBUG[0m [32mFound 177 installed packages in /opt/ros/humble[0m
[0.115s] [34mcolcon.colcon_core.package_discovery[0m [1;30mLevel 1[0m discover_packages(prefix_path) using defaults
[0.126s] [34mcolcon.colcon_core.verb[0m [1;30mLevel 5[0m set package 'my_example_pkg' build argument 'cmake_args' from command line to 'None'
[0.126s] [34mcolcon.colcon_core.verb[0m [1;30mLevel 5[0m set package 'my_example_pkg' build argument 'cmake_target' from command line to 'None'
[0.126s] [34mcolcon.colcon_core.verb[0m [1;30mLevel 5[0m set package 'my_example_pkg' build argument 'cmake_target_skip_unavailable' from command line to 'False'
[0.126s] [34mcolcon.colcon_core.verb[0m [1;30mLevel 5[0m set package 'my_example_pkg' build argument 'cmake_clean_cache' from command line to 'False'
[0.126s] [34mcolcon.colcon_core.verb[0m [1;30mLevel 5[0m set package 'my_example_pkg' build argument 'cmake_clean_first' from command line to 'False'
[0.126s] [34mcolcon.colcon_core.verb[0m [1;30mLevel 5[0m set package 'my_example_pkg' build argument 'cmake_force_configure' from command line to 'False'
[0.126s] [34mcolcon.colcon_core.verb[0m [1;30mLevel 5[0m set package 'my_example_pkg' build argument 'ament_cmake_args' from command line to 'None'
[0.126s] [34mcolcon.colcon_core.verb[0m [1;30mLevel 5[0m set package 'my_example_pkg' build argument 'catkin_cmake_args' from command line to 'None'
[0.126s] [34mcolcon.colcon_core.verb[0m [1;30mLevel 5[0m set package 'my_example_pkg' build argument 'catkin_skip_building_tests' from command line to 'False'
[0.126s] [34mcolcon.colcon_core.verb[0m [1;30mDEBUG[0m [32mBuilding package 'my_example_pkg' with the following arguments: {'ament_cmake_args': None, 'build_base': '/home/mj/_Projects/ros2_ws/build/my_example_pkg', 'catkin_cmake_args': None, 'catkin_skip_building_tests': False, 'cmake_args': None, 'cmake_clean_cache': False, 'cmake_clean_first': False, 'cmake_force_configure': False, 'cmake_target': None, 'cmake_target_skip_unavailable': False, 'install_base': '/home/mj/_Projects/ros2_ws/install/my_example_pkg', 'merge_install': False, 'path': '/home/mj/_Projects/ros2_ws/src/my_example_pkg', 'symlink_install': False, 'test_result_base': None}[0m
[0.126s] [34mcolcon.colcon_core.executor[0m [1;30mINFO[0m Executing jobs using 'parallel' executor
[0.127s] [34mcolcon.colcon_parallel_executor.executor.parallel[0m [1;30mDEBUG[0m [32mrun_until_complete[0m
[0.127s] [34mcolcon.colcon_ros.task.ament_cmake.build[0m [1;30mINFO[0m Building ROS package in '/home/mj/_Projects/ros2_ws/src/my_example_pkg' with build type 'ament_cmake'
[0.127s] [34mcolcon.colcon_cmake.task.cmake.build[0m [1;30mINFO[0m Building CMake package in '/home/mj/_Projects/ros2_ws/src/my_example_pkg'
[0.128s] [34mcolcon.colcon_core.plugin_system[0m [1;30mINFO[0m Skipping extension 'colcon_core.shell.bat': Not used on non-Windows systems
[0.129s] [34mcolcon.colcon_core.shell[0m [1;30mINFO[0m Skip shell extension 'powershell' for command environment: Not usable outside of PowerShell
[0.129s] [34mcolcon.colcon_core.shell[0m [1;30mDEBUG[0m [32mSkip shell extension 'dsv' for command environment[0m
[0.135s] [34mcolcon.colcon_core.event_handler.log_command[0m [1;30mDEBUG[0m [32mInvoking command in '/home/mj/_Projects/ros2_ws/build/my_example_pkg': CMAKE_PREFIX_PATH=${CMAKE_PREFIX_PATH}:/opt/ros/humble CONDA_PROMPT_MODIFIER=(ros2_humble) /opt/cmake-3.28.3-linux-x86_64/bin/cmake /home/mj/_Projects/ros2_ws/src/my_example_pkg -DCMAKE_INSTALL_PREFIX=/home/mj/_Projects/ros2_ws/install/my_example_pkg[0m
[0.353s] [34mcolcon.colcon_core.event_handler.log_command[0m [1;30mDEBUG[0m [32mInvoked command in '/home/mj/_Projects/ros2_ws/build/my_example_pkg' returned '0': CMAKE_PREFIX_PATH=${CMAKE_PREFIX_PATH}:/opt/ros/humble CONDA_PROMPT_MODIFIER=(ros2_humble) /opt/cmake-3.28.3-linux-x86_64/bin/cmake /home/mj/_Projects/ros2_ws/src/my_example_pkg -DCMAKE_INSTALL_PREFIX=/home/mj/_Projects/ros2_ws/install/my_example_pkg[0m
[0.356s] [34mcolcon.colcon_core.event_handler.log_command[0m [1;30mDEBUG[0m [32mInvoking command in '/home/mj/_Projects/ros2_ws/build/my_example_pkg': CMAKE_PREFIX_PATH=${CMAKE_PREFIX_PATH}:/opt/ros/humble CONDA_PROMPT_MODIFIER=(ros2_humble) /opt/cmake-3.28.3-linux-x86_64/bin/cmake --build /home/mj/_Projects/ros2_ws/build/my_example_pkg -- -j16 -l16[0m
[0.370s] [34mcolcon.colcon_core.event_handler.log_command[0m [1;30mDEBUG[0m [32mInvoked command in '/home/mj/_Projects/ros2_ws/build/my_example_pkg' returned '0': CMAKE_PREFIX_PATH=${CMAKE_PREFIX_PATH}:/opt/ros/humble CONDA_PROMPT_MODIFIER=(ros2_humble) /opt/cmake-3.28.3-linux-x86_64/bin/cmake --build /home/mj/_Projects/ros2_ws/build/my_example_pkg -- -j16 -l16[0m
[0.373s] [34mcolcon.colcon_core.event_handler.log_command[0m [1;30mDEBUG[0m [32mInvoking command in '/home/mj/_Projects/ros2_ws/build/my_example_pkg': CMAKE_PREFIX_PATH=${CMAKE_PREFIX_PATH}:/opt/ros/humble CONDA_PROMPT_MODIFIER=(ros2_humble) /opt/cmake-3.28.3-linux-x86_64/bin/cmake --install /home/mj/_Projects/ros2_ws/build/my_example_pkg[0m
[0.377s] [34mcolcon.colcon_core.environment[0m [1;30mLevel 1[0m create_environment_scripts_only(my_example_pkg)
[0.378s] [34mcolcon.colcon_core.event_handler.log_command[0m [1;30mDEBUG[0m [32mInvoked command in '/home/mj/_Projects/ros2_ws/build/my_example_pkg' returned '0': CMAKE_PREFIX_PATH=${CMAKE_PREFIX_PATH}:/opt/ros/humble CONDA_PROMPT_MODIFIER=(ros2_humble) /opt/cmake-3.28.3-linux-x86_64/bin/cmake --install /home/mj/_Projects/ros2_ws/build/my_example_pkg[0m
[0.379s] [34mcolcon.colcon_core.environment[0m [1;30mLevel 1[0m checking '/home/mj/_Projects/ros2_ws/install/my_example_pkg' for CMake module files
[0.379s] [34mcolcon.colcon_core.environment[0m [1;30mLevel 1[0m checking '/home/mj/_Projects/ros2_ws/install/my_example_pkg' for CMake config files
[0.379s] [34mcolcon.colcon_core.shell[0m [1;30mLevel 1[0m create_environment_hook('my_example_pkg', 'cmake_prefix_path')
[0.380s] [34mcolcon.colcon_core.shell[0m [1;30mINFO[0m Creating environment hook '/home/mj/_Projects/ros2_ws/install/my_example_pkg/share/my_example_pkg/hook/cmake_prefix_path.ps1'
[0.381s] [34mcolcon.colcon_core.shell[0m [1;30mINFO[0m Creating environment descriptor '/home/mj/_Projects/ros2_ws/install/my_example_pkg/share/my_example_pkg/hook/cmake_prefix_path.dsv'
[0.381s] [34mcolcon.colcon_core.shell[0m [1;30mINFO[0m Creating environment hook '/home/mj/_Projects/ros2_ws/install/my_example_pkg/share/my_example_pkg/hook/cmake_prefix_path.sh'
[0.381s] [34mcolcon.colcon_core.environment[0m [1;30mLevel 1[0m checking '/home/mj/_Projects/ros2_ws/install/my_example_pkg/bin'
[0.382s] [34mcolcon.colcon_core.environment[0m [1;30mLevel 1[0m checking '/home/mj/_Projects/ros2_ws/install/my_example_pkg/lib/pkgconfig/my_example_pkg.pc'
[0.382s] [34mcolcon.colcon_core.environment[0m [1;30mLevel 1[0m checking '/home/mj/_Projects/ros2_ws/install/my_example_pkg/lib/python3.10/site-packages'
[0.382s] [34mcolcon.colcon_core.environment[0m [1;30mLevel 1[0m checking '/home/mj/_Projects/ros2_ws/install/my_example_pkg/bin'
[0.382s] [34mcolcon.colcon_core.shell[0m [1;30mINFO[0m Creating package script '/home/mj/_Projects/ros2_ws/install/my_example_pkg/share/my_example_pkg/package.ps1'
[0.382s] [34mcolcon.colcon_core.shell[0m [1;30mINFO[0m Creating package descriptor '/home/mj/_Projects/ros2_ws/install/my_example_pkg/share/my_example_pkg/package.dsv'
[0.383s] [34mcolcon.colcon_core.shell[0m [1;30mINFO[0m Creating package script '/home/mj/_Projects/ros2_ws/install/my_example_pkg/share/my_example_pkg/package.sh'
[0.383s] [34mcolcon.colcon_core.shell[0m [1;30mINFO[0m Creating package script '/home/mj/_Projects/ros2_ws/install/my_example_pkg/share/my_example_pkg/package.bash'
[0.383s] [34mcolcon.colcon_core.shell[0m [1;30mINFO[0m Creating package script '/home/mj/_Projects/ros2_ws/install/my_example_pkg/share/my_example_pkg/package.zsh'
[0.384s] [34mcolcon.colcon_core.environment[0m [1;30mLevel 1[0m create_file_with_runtime_dependencies(/home/mj/_Projects/ros2_ws/install/my_example_pkg/share/colcon-core/packages/my_example_pkg)
[0.384s] [34mcolcon.colcon_core.environment[0m [1;30mLevel 1[0m create_environment_scripts_only(my_example_pkg)
[0.384s] [34mcolcon.colcon_core.environment[0m [1;30mLevel 1[0m checking '/home/mj/_Projects/ros2_ws/install/my_example_pkg' for CMake module files
[0.384s] [34mcolcon.colcon_core.environment[0m [1;30mLevel 1[0m checking '/home/mj/_Projects/ros2_ws/install/my_example_pkg' for CMake config files
[0.384s] [34mcolcon.colcon_core.shell[0m [1;30mLevel 1[0m create_environment_hook('my_example_pkg', 'cmake_prefix_path')
[0.384s] [34mcolcon.colcon_core.shell[0m [1;30mINFO[0m Creating environment hook '/home/mj/_Projects/ros2_ws/install/my_example_pkg/share/my_example_pkg/hook/cmake_prefix_path.ps1'
[0.385s] [34mcolcon.colcon_core.shell[0m [1;30mINFO[0m Creating environment descriptor '/home/mj/_Projects/ros2_ws/install/my_example_pkg/share/my_example_pkg/hook/cmake_prefix_path.dsv'
[0.385s] [34mcolcon.colcon_core.shell[0m [1;30mINFO[0m Creating environment hook '/home/mj/_Projects/ros2_ws/install/my_example_pkg/share/my_example_pkg/hook/cmake_prefix_path.sh'
[0.385s] [34mcolcon.colcon_core.environment[0m [1;30mLevel 1[0m checking '/home/mj/_Projects/ros2_ws/install/my_example_pkg/bin'
[0.385s] [34mcolcon.colcon_core.environment[0m [1;30mLevel 1[0m checking '/home/mj/_Projects/ros2_ws/install/my_example_pkg/lib/pkgconfig/my_example_pkg.pc'
[0.385s] [34mcolcon.colcon_core.environment[0m [1;30mLevel 1[0m checking '/home/mj/_Projects/ros2_ws/install/my_example_pkg/lib/python3.10/site-packages'
[0.385s] [34mcolcon.colcon_core.environment[0m [1;30mLevel 1[0m checking '/home/mj/_Projects/ros2_ws/install/my_example_pkg/bin'
[0.385s] [34mcolcon.colcon_core.shell[0m [1;30mINFO[0m Creating package script '/home/mj/_Projects/ros2_ws/install/my_example_pkg/share/my_example_pkg/package.ps1'
[0.386s] [34mcolcon.colcon_core.shell[0m [1;30mINFO[0m Creating package descriptor '/home/mj/_Projects/ros2_ws/install/my_example_pkg/share/my_example_pkg/package.dsv'
[0.386s] [34mcolcon.colcon_core.shell[0m [1;30mINFO[0m Creating package script '/home/mj/_Projects/ros2_ws/install/my_example_pkg/share/my_example_pkg/package.sh'
[0.386s] [34mcolcon.colcon_core.shell[0m [1;30mINFO[0m Creating package script '/home/mj/_Projects/ros2_ws/install/my_example_pkg/share/my_example_pkg/package.bash'
[0.386s] [34mcolcon.colcon_core.shell[0m [1;30mINFO[0m Creating package script '/home/mj/_Projects/ros2_ws/install/my_example_pkg/share/my_example_pkg/package.zsh'
[0.387s] [34mcolcon.colcon_core.environment[0m [1;30mLevel 1[0m create_file_with_runtime_dependencies(/home/mj/_Projects/ros2_ws/install/my_example_pkg/share/colcon-core/packages/my_example_pkg)
[0.387s] [34mcolcon.colcon_parallel_executor.executor.parallel[0m [1;30mDEBUG[0m [32mclosing loop[0m
[0.387s] [34mcolcon.colcon_parallel_executor.executor.parallel[0m [1;30mDEBUG[0m [32mloop closed[0m
[0.387s] [34mcolcon.colcon_parallel_executor.executor.parallel[0m [1;30mDEBUG[0m [32mrun_until_complete finished with '0'[0m
[0.387s] [34mcolcon.colcon_core.event_reactor[0m [1;30mDEBUG[0m [32mjoining thread[0m
[0.391s] [34mcolcon.colcon_core.plugin_system[0m [1;30mINFO[0m Skipping extension 'colcon_notification.desktop_notification.terminal_notifier': Not used on non-Darwin systems
[0.391s] [34mcolcon.colcon_core.plugin_system[0m [1;30mINFO[0m Skipping extension 'colcon_notification.desktop_notification.win32': Not used on non-Windows systems
[0.391s] [34mcolcon.colcon_notification.desktop_notification[0m [1;30mINFO[0m Sending desktop notification using 'notify2'
[0.397s] [34mcolcon.colcon_core.event_reactor[0m [1;30mDEBUG[0m [32mjoined thread[0m
[0.397s] [34mcolcon.colcon_core.shell[0m [1;30mINFO[0m Creating prefix script '/home/mj/_Projects/ros2_ws/install/local_setup.ps1'
[0.398s] [34mcolcon.colcon_core.shell[0m [1;30mINFO[0m Creating prefix util module '/home/mj/_Projects/ros2_ws/install/_local_setup_util_ps1.py'
[0.399s] [34mcolcon.colcon_core.shell[0m [1;30mINFO[0m Creating prefix chain script '/home/mj/_Projects/ros2_ws/install/setup.ps1'
[0.399s] [34mcolcon.colcon_core.shell[0m [1;30mINFO[0m Creating prefix script '/home/mj/_Projects/ros2_ws/install/local_setup.sh'
[0.400s] [34mcolcon.colcon_core.shell[0m [1;30mINFO[0m Creating prefix util module '/home/mj/_Projects/ros2_ws/install/_local_setup_util_sh.py'
[0.400s] [34mcolcon.colcon_core.shell[0m [1;30mINFO[0m Creating prefix chain script '/home/mj/_Projects/ros2_ws/install/setup.sh'
[0.401s] [34mcolcon.colcon_core.shell[0m [1;30mINFO[0m Creating prefix script '/home/mj/_Projects/ros2_ws/install/local_setup.bash'
[0.401s] [34mcolcon.colcon_core.shell[0m [1;30mINFO[0m Creating prefix chain script '/home/mj/_Projects/ros2_ws/install/setup.bash'
[0.401s] [34mcolcon.colcon_core.shell[0m [1;30mINFO[0m Creating prefix script '/home/mj/_Projects/ros2_ws/install/local_setup.zsh'
[0.402s] [34mcolcon.colcon_core.shell[0m [1;30mINFO[0m Creating prefix chain script '/home/mj/_Projects/ros2_ws/install/setup.zsh'
