[0.015s] Invoking command in '/home/mj/_Projects/ros2_ws/build/my_example_pkg': CMAKE_PREFIX_PATH=${CMAKE_PREFIX_PATH}:/opt/ros/humble CONDA_PROMPT_MODIFIER=(ros2_humble) /opt/cmake-3.28.3-linux-x86_64/bin/cmake /home/mj/_Projects/ros2_ws/src/my_example_pkg -DCMAKE_INSTALL_PREFIX=/home/mj/_Projects/ros2_ws/install/my_example_pkg
[0.116s] -- The C compiler identification is GNU 11.4.0
[0.205s] -- The CXX compiler identification is GNU 7.5.0
[0.223s] -- Detecting C compiler ABI info
[0.287s] -- Detecting C compiler ABI info - done
[0.293s] -- Check for working C compiler: /usr/bin/cc - skipped
[0.293s] -- Detecting C compile features
[0.293s] -- Detecting C compile features - done
[0.304s] -- Detecting CXX compiler ABI info
[0.372s] -- Detecting CXX compiler ABI info - done
[0.378s] -- Check for working CXX compiler: /usr/bin/c++ - skipped
[0.379s] -- Detecting CXX compile features
[0.379s] -- Detecting CXX compile features - done
[0.384s] -- Found ament_cmake: 1.3.11 (/opt/ros/humble/share/ament_cmake/cmake)
[0.501s] -- Found Python3: /home/mj/miniconda3/envs/ros2_humble/bin/python3 (found version "3.10.16") found components: Interpreter 
[0.594s] [31mCMake Error at CMakeLists.txt:15 (find_package):
[0.594s]   By not providing "Findament_lint_auto.cmake" in CMAKE_MODULE_PATH this
[0.594s]   project has asked CMake to find a package configuration file provided by
[0.594s]   "ament_lint_auto", but CMake did not find one.
[0.594s] 
[0.594s]   Could not find a package configuration file provided by "ament_lint_auto"
[0.594s]   with any of the following names:
[0.594s] 
[0.594s]     ament_lint_autoConfig.cmake
[0.594s]     ament_lint_auto-config.cmake
[0.594s] 
[0.594s]   Add the installation prefix of "ament_lint_auto" to CMAKE_PREFIX_PATH or
[0.594s]   set "ament_lint_auto_DIR" to a directory containing one of the above files.
[0.594s]   If "ament_lint_auto" provides a separate development package or SDK, be
[0.594s]   sure it has been installed.
[0.594s] 
[0.595s] [0m
[0.595s] -- Configuring incomplete, errors occurred!
[0.598s] Invoked command in '/home/mj/_Projects/ros2_ws/build/my_example_pkg' returned '1': CMAKE_PREFIX_PATH=${CMAKE_PREFIX_PATH}:/opt/ros/humble CONDA_PROMPT_MODIFIER=(ros2_humble) /opt/cmake-3.28.3-linux-x86_64/bin/cmake /home/mj/_Projects/ros2_ws/src/my_example_pkg -DCMAKE_INSTALL_PREFIX=/home/mj/_Projects/ros2_ws/install/my_example_pkg
