[0.008s] Invoking command in '/home/mj/_Projects/ros2_ws/build/my_example_pkg': CMAKE_PREFIX_PATH=${CMAKE_PREFIX_PATH}:/opt/ros/humble CONDA_PROMPT_MODIFIER=(ros2_humble) /opt/cmake-3.28.3-linux-x86_64/bin/cmake /home/mj/_Projects/ros2_ws/src/my_example_pkg -DCMAKE_INSTALL_PREFIX=/home/mj/_Projects/ros2_ws/install/my_example_pkg
[0.013s] -- Found ament_cmake: 1.3.11 (/opt/ros/humble/share/ament_cmake/cmake)
[0.152s] -- Found ament_lint_auto: 0.12.11 (/opt/ros/humble/share/ament_lint_auto/cmake)
[0.220s] -- Configuring done (0.2s)
[0.222s] -- Generating done (0.0s)
[0.223s] -- Build files have been written to: /home/mj/_Projects/ros2_ws/build/my_example_pkg
[0.225s] Invoked command in '/home/mj/_Projects/ros2_ws/build/my_example_pkg' returned '0': CMAKE_PREFIX_PATH=${CMAKE_PREFIX_PATH}:/opt/ros/humble CONDA_PROMPT_MODIFIER=(ros2_humble) /opt/cmake-3.28.3-linux-x86_64/bin/cmake /home/mj/_Projects/ros2_ws/src/my_example_pkg -DCMAKE_INSTALL_PREFIX=/home/mj/_Projects/ros2_ws/install/my_example_pkg
[0.228s] Invoking command in '/home/mj/_Projects/ros2_ws/build/my_example_pkg': CMAKE_PREFIX_PATH=${CMAKE_PREFIX_PATH}:/opt/ros/humble CONDA_PROMPT_MODIFIER=(ros2_humble) /opt/cmake-3.28.3-linux-x86_64/bin/cmake --build /home/mj/_Projects/ros2_ws/build/my_example_pkg -- -j16 -l16
[0.243s] Invoked command in '/home/mj/_Projects/ros2_ws/build/my_example_pkg' returned '0': CMAKE_PREFIX_PATH=${CMAKE_PREFIX_PATH}:/opt/ros/humble CONDA_PROMPT_MODIFIER=(ros2_humble) /opt/cmake-3.28.3-linux-x86_64/bin/cmake --build /home/mj/_Projects/ros2_ws/build/my_example_pkg -- -j16 -l16
[0.245s] Invoking command in '/home/mj/_Projects/ros2_ws/build/my_example_pkg': CMAKE_PREFIX_PATH=${CMAKE_PREFIX_PATH}:/opt/ros/humble CONDA_PROMPT_MODIFIER=(ros2_humble) /opt/cmake-3.28.3-linux-x86_64/bin/cmake --install /home/mj/_Projects/ros2_ws/build/my_example_pkg
[0.246s] -- Install configuration: ""
[0.246s] -- Installing: /home/mj/_Projects/ros2_ws/install/my_example_pkg/share/ament_index/resource_index/package_run_dependencies/my_example_pkg
[0.247s] -- Installing: /home/mj/_Projects/ros2_ws/install/my_example_pkg/share/ament_index/resource_index/parent_prefix_path/my_example_pkg
[0.247s] -- Installing: /home/mj/_Projects/ros2_ws/install/my_example_pkg/share/my_example_pkg/environment/ament_prefix_path.sh
[0.247s] -- Installing: /home/mj/_Projects/ros2_ws/install/my_example_pkg/share/my_example_pkg/environment/ament_prefix_path.dsv
[0.248s] -- Installing: /home/mj/_Projects/ros2_ws/install/my_example_pkg/share/my_example_pkg/environment/path.sh
[0.248s] -- Installing: /home/mj/_Projects/ros2_ws/install/my_example_pkg/share/my_example_pkg/environment/path.dsv
[0.248s] -- Installing: /home/mj/_Projects/ros2_ws/install/my_example_pkg/share/my_example_pkg/local_setup.bash
[0.248s] -- Installing: /home/mj/_Projects/ros2_ws/install/my_example_pkg/share/my_example_pkg/local_setup.sh
[0.248s] -- Installing: /home/mj/_Projects/ros2_ws/install/my_example_pkg/share/my_example_pkg/local_setup.zsh
[0.248s] -- Installing: /home/mj/_Projects/ros2_ws/install/my_example_pkg/share/my_example_pkg/local_setup.dsv
[0.248s] -- Installing: /home/mj/_Projects/ros2_ws/install/my_example_pkg/share/my_example_pkg/package.dsv
[0.249s] -- Installing: /home/mj/_Projects/ros2_ws/install/my_example_pkg/share/ament_index/resource_index/packages/my_example_pkg
[0.249s] -- Installing: /home/mj/_Projects/ros2_ws/install/my_example_pkg/share/my_example_pkg/cmake/my_example_pkgConfig.cmake
[0.249s] -- Installing: /home/mj/_Projects/ros2_ws/install/my_example_pkg/share/my_example_pkg/cmake/my_example_pkgConfig-version.cmake
[0.249s] -- Installing: /home/mj/_Projects/ros2_ws/install/my_example_pkg/share/my_example_pkg/package.xml
[0.250s] Invoked command in '/home/mj/_Projects/ros2_ws/build/my_example_pkg' returned '0': CMAKE_PREFIX_PATH=${CMAKE_PREFIX_PATH}:/opt/ros/humble CONDA_PROMPT_MODIFIER=(ros2_humble) /opt/cmake-3.28.3-linux-x86_64/bin/cmake --install /home/mj/_Projects/ros2_ws/build/my_example_pkg
